login,simple-1@gmail.com-1-administrador-(2023/10/13[11:43,122])
login,simple-1@gmail.com-1-administrador-(2023/10/13[11:47,656])
login,simple-1@gmail.com-1-administrador-(2023/10/13[11:50,313])
login,simple-1@gmail.com-1-administrador-(2023/10/13[11:53,702])
login,simple-1@gmail.com-1-administrador-(2023/10/13[11:54,347])
login,simple-1@gmail.com-1-administrador-(2023/10/13[11:55,372])
login,simple-1@gmail.com-1-administrador-(2023/10/13[11:56,342])
login,simple-1@gmail.com-1-administrador-(2023/10/13[11:58,728])
login,simple-1@gmail.com-1-administrador-(2023/10/13[12:4,648])
login,simple-1@gmail.com-1-administrador-(2023/10/13[12:7,136])
Tilda,Robinson-trobinson@super.com-4-supervisor-(2023/10/13[12:8,641])
login,simple-1@gmail.com-1-administrador-(2023/10/13[12:9,294])
login,simple-1@gmail.com-1-administrador-(2023/10/13[12:15,738])
Mariano,Guevara-marian@x.com-1-administrador-(2023/10/13[13:42,316])
Ingrid,Harroll-iharroll@vendedor.com-2-vendedor-(2023/10/13[15:53,718])
login,simple-1@gmail.com-1-administrador-(2023/10/14[0:18,912])
login,simple-1@gmail.com-1-administrador-(2023/10/14[16:10,419])
login,simple-1@gmail.com-1-administrador-(2023/10/14[16:14,967])
Michael,Jordan-admin@admin.com-5-administrador-(2023/10/14[16:45,716])
login,simple-1@gmail.com-1-administrador-(2023/10/14[16:48,453])
login,simple-1@gmail.com-1-administrador-(2023/10/14[16:52,437])
login,simple-1@gmail.com-1-administrador-(2023/10/14[17:48,292])
login,simple-1@gmail.com-1-administrador-(2023/10/14[17:54,13])
login,simple-1@gmail.com-1-administrador-(2023/10/14[17:54,693])
login,simple-1@gmail.com-1-administrador-(2023/10/14[18:17,624])
login,simple-1@gmail.com-1-administrador-(2023/10/14[18:17,355])
login,simple-1@gmail.com-1-administrador-(2023/10/14[18:17,961])
login,simple-1@gmail.com-1-administrador-(2023/10/14[18:33,149])
mariano,guevara-mg@gmail.com-4-vendedor-(2023/10/17[21:42,379])
login,simple-1@gmail.com-1-administrador-(2023/10/17[21:43,424])
login,simple-1@gmail.com-1-administrador-(2023/10/17[21:46,372])
login,simple-1@gmail.com-1-administrador-(2023/10/17[21:46,499])
login,simple-1@gmail.com-1-administrador-(2023/10/17[22:13,928])
login,simple-1@gmail.com-1-administrador-(2023/10/17[22:13,433])
login,simple-1@gmail.com-1-administrador-(2023/10/17[22:16,162])
Michael,Jordan-admin@admin.com-5-administrador-(2023/10/18[9:0,531])
Steve,Harris-sharris@maiden.com.uk-3-vendedor-(2023/10/18[9:5,692])
Michael,Jordan-admin@admin.com-5-administrador-(2023/10/18[9:5,389])
dffdfg,sddffg-1@gmail.com-4-administrador-(2023/10/18[9:11,910])
Michael,Jordan-admin@admin.com-5-administrador-(2023/11/8[16:47,537])
Michael,Jordan-admin@admin.com-5-administrador-(2023/11/8[17:50,135])
2,3-2@gmail.com-2222-administrador-(2023/11/8[18:17,757])
2,3-2@gmail.com-2222-administrador-(2023/11/8[18:19,340])
2,3-2@gmail.com-2222-administrador-(2023/11/8[18:25,140])
2,3-2@gmail.com-2222-administrador-(2023/11/8[18:34,265])
2,3-2@gmail.com-2222-administrador-(2023/11/8[18:35,8])
2,3-2@gmail.com-2222-administrador-(2023/11/8[18:37,879])
2,3-2@gmail.com-2222-administrador-(2023/11/8[18:41,3])
2,3-2@gmail.com-2222-administrador-(2023/11/8[18:42,285])
2,3-2@gmail.com-2222-administrador-(2023/11/8[18:45,76])
2,3-2@gmail.com-2222-administrador-(2023/11/9[19:46,903])
2,3-2@gmail.com-2222-administrador-(2023/11/9[19:47,822])
2,3-2@gmail.com-2222-administrador-(2023/11/9[19:49,383])
2,3-2@gmail.com-2222-administrador-(2023/11/9[19:51,758])
2,3-2@gmail.com-2222-administrador-(2023/11/9[19:51,724])
Steve,Harris-sharris@maiden.com.uk-3-vendedor-(2023/11/9[20:25,745])
Tilda,Robinson-trobinson@super.com-4-supervisor-(2023/11/9[20:26,447])
2,3-2@gmail.com-2222-administrador-(2023/11/9[20:26,482])
